<?xml version="1.0" encoding="UTF-8"?>
<testng-results ignored="10" total="10" passed="0" failed="0" skipped="0">
  <reporter-output>
  </reporter-output>
  <suite started-at="2023-06-21T16:38:52 IST" name="All Test Suite" finished-at="2023-06-21T16:38:52 IST" duration-ms="23">
    <groups>
    </groups>
    <test started-at="2023-06-21T16:38:52 IST" name="C:/Users/vinodhkumar.chandaka/IdeaProjects/BookstoreProject" finished-at="2023-06-21T16:38:52 IST" duration-ms="23">
      <class name="com.qapitol.test.MainTest">
        <test-method is-config="true" signature="startBrowser()[pri:0, instance:com.qapitol.test.MainTest@563e4951]" started-at="2023-06-21T16:38:50 IST" name="startBrowser" finished-at="2023-06-21T16:38:52 IST" duration-ms="2468" status="PASS">
          <reporter-output>
          </reporter-output>
        </test-method> <!-- startBrowser -->
        <test-method is-config="true" signature="closeBrowser()[pri:0, instance:com.qapitol.test.MainTest@563e4951]" started-at="2023-06-21T16:38:52 IST" name="closeBrowser" finished-at="2023-06-21T16:38:52 IST" duration-ms="109" status="PASS">
          <reporter-output>
          </reporter-output>
        </test-method> <!-- closeBrowser -->
      </class> <!-- com.qapitol.test.MainTest -->
    </test> <!-- C:/Users/vinodhkumar.chandaka/IdeaProjects/BookstoreProject -->
  </suite> <!-- All Test Suite -->
</testng-results>
